This is XeTeX, Version 3.141592653-2.6-0.999996 (MiKTeX 24.4) (preloaded format=xelatex 2024.9.18)  31 OCT 2024 12:47
entering extended mode
 restricted \write18 enabled.
 file:line:error style messages enabled.
 %&-line parsing enabled.
**./China_Así_reaccionará_al_triunfo_de_Trump_José_Luis_Cava_limpio.tex
(China_Así_reaccionará_al_triunfo_de_Trump_José_Luis_Cava_limpio.tex
LaTeX2e <2024-06-01> patch level 2
L3 programming layer <2024-08-30>

(C:\Users\anton.urbistondo\AppData\Local\Programs\MiKTeX\tex/latex/base\article
.cls
Document Class: article 2024/02/08 v1.4n Standard LaTeX document class

(C:\Users\anton.urbistondo\AppData\Local\Programs\MiKTeX\tex/latex/base\size10.
clo
File: size10.clo 2024/02/08 v1.4n Standard LaTeX file (size option)
)
\c@part=\count190
\c@section=\count191
\c@subsection=\count192
\c@subsubsection=\count193
\c@paragraph=\count194
\c@subparagraph=\count195
\c@figure=\count196
\c@table=\count197
\abovecaptionskip=\skip49
\belowcaptionskip=\skip50
\bibindent=\dimen141
)
(C:\Users\anton.urbistondo\AppData\Local\Programs\MiKTeX\tex/latex/amsmath\amsm
ath.sty
Package: amsmath 2024/05/23 v2.17q AMS math features
\@mathmargin=\skip51

For additional information on amsmath, use the `?' option.

(C:\Users\anton.urbistondo\AppData\Local\Programs\MiKTeX\tex/latex/amsmath\amst
ext.sty
Package: amstext 2021/08/26 v2.01 AMS text

(C:\Users\anton.urbistondo\AppData\Local\Programs\MiKTeX\tex/latex/amsmath\amsg
en.sty
File: amsgen.sty 1999/11/30 v2.0 generic functions
\@emptytoks=\toks17
\ex@=\dimen142
))
(C:\Users\anton.urbistondo\AppData\Local\Programs\MiKTeX\tex/latex/amsmath\amsb
sy.sty
Package: amsbsy 1999/11/29 v1.2d Bold Symbols
\pmbraise@=\dimen143
)
(C:\Users\anton.urbistondo\AppData\Local\Programs\MiKTeX\tex/latex/amsmath\amso
pn.sty
Package: amsopn 2022/04/08 v2.04 operator names
)
\inf@bad=\count198
LaTeX Info: Redefining \frac on input line 233.
\uproot@=\count199
\leftroot@=\count266
LaTeX Info: Redefining \overline on input line 398.
LaTeX Info: Redefining \colon on input line 409.
\classnum@=\count267
\DOTSCASE@=\count268
LaTeX Info: Redefining \ldots on input line 495.
LaTeX Info: Redefining \dots on input line 498.
LaTeX Info: Redefining \cdots on input line 619.
\Mathstrutbox@=\box52
\strutbox@=\box53
LaTeX Info: Redefining \big on input line 721.
LaTeX Info: Redefining \Big on input line 722.
LaTeX Info: Redefining \bigg on input line 723.
LaTeX Info: Redefining \Bigg on input line 724.
\big@size=\dimen144
LaTeX Font Info:    Redeclaring font encoding OML on input line 742.
LaTeX Font Info:    Redeclaring font encoding OMS on input line 743.
\macc@depth=\count269
LaTeX Info: Redefining \bmod on input line 904.
LaTeX Info: Redefining \pmod on input line 909.
LaTeX Info: Redefining \smash on input line 939.
LaTeX Info: Redefining \relbar on input line 969.
LaTeX Info: Redefining \Relbar on input line 970.
\c@MaxMatrixCols=\count270
\dotsspace@=\muskip17
\c@parentequation=\count271
\dspbrk@lvl=\count272
\tag@help=\toks18
\row@=\count273
\column@=\count274
\maxfields@=\count275
\andhelp@=\toks19
\eqnshift@=\dimen145
\alignsep@=\dimen146
\tagshift@=\dimen147
\tagwidth@=\dimen148
\totwidth@=\dimen149
\lineht@=\dimen150
\@envbody=\toks20
\multlinegap=\skip52
\multlinetaggap=\skip53
\mathdisplay@stack=\toks21
LaTeX Info: Redefining \[ on input line 2953.
LaTeX Info: Redefining \] on input line 2954.
)
(C:\Users\anton.urbistondo\AppData\Local\Programs\MiKTeX\tex/latex/graphics\gra
phicx.sty
Package: graphicx 2021/09/16 v1.2d Enhanced LaTeX Graphics (DPC,SPQR)

(C:\Users\anton.urbistondo\AppData\Local\Programs\MiKTeX\tex/latex/graphics\key
val.sty
Package: keyval 2022/05/29 v1.15 key=value parser (DPC)
\KV@toks@=\toks22
)
(C:\Users\anton.urbistondo\AppData\Local\Programs\MiKTeX\tex/latex/graphics\gra
phics.sty
Package: graphics 2024/05/23 v1.4g Standard LaTeX Graphics (DPC,SPQR)

(C:\Users\anton.urbistondo\AppData\Local\Programs\MiKTeX\tex/latex/graphics\tri
g.sty
Package: trig 2023/12/02 v1.11 sin cos tan (DPC)
)
(C:\Users\anton.urbistondo\AppData\Local\Programs\MiKTeX\tex/latex/graphics-cfg
\graphics.cfg
File: graphics.cfg 2016/06/04 v1.11 sample graphics configuration
)
Package graphics Info: Driver file: xetex.def on input line 106.

(C:\Users\anton.urbistondo\AppData\Local\Programs\MiKTeX\tex/latex/graphics-def
\xetex.def
File: xetex.def 2022/09/22 v5.0n Graphics/color driver for xetex
))
\Gin@req@height=\dimen151
\Gin@req@width=\dimen152
)
(C:\Users\anton.urbistondo\AppData\Local\Programs\MiKTeX\tex/latex/caption\capt
ion.sty
Package: caption 2023/08/05 v3.6o Customizing captions (AR)

(C:\Users\anton.urbistondo\AppData\Local\Programs\MiKTeX\tex/latex/caption\capt
ion3.sty
Package: caption3 2023/07/31 v2.4d caption3 kernel (AR)
\caption@tempdima=\dimen153
\captionmargin=\dimen154
\caption@leftmargin=\dimen155
\caption@rightmargin=\dimen156
\caption@width=\dimen157
\caption@indent=\dimen158
\caption@parindent=\dimen159
\caption@hangindent=\dimen160
Package caption Info: Standard document class detected.
)
\c@caption@flags=\count276
\c@continuedfloat=\count277
)
(C:\Users\anton.urbistondo\AppData\Local\Programs\MiKTeX\tex/latex/geometry\geo
metry.sty
Package: geometry 2020/01/02 v5.9 Page Geometry

(C:\Users\anton.urbistondo\AppData\Local\Programs\MiKTeX\tex/generic/iftex\ifvt
ex.sty
Package: ifvtex 2019/10/25 v1.7 ifvtex legacy package. Use iftex instead.

(C:\Users\anton.urbistondo\AppData\Local\Programs\MiKTeX\tex/generic/iftex\ifte
x.sty
Package: iftex 2022/02/03 v1.0f TeX engine tests
))
\Gm@cnth=\count278
\Gm@cntv=\count279
\c@Gm@tempcnt=\count280
\Gm@bindingoffset=\dimen161
\Gm@wd@mp=\dimen162
\Gm@odd@mp=\dimen163
\Gm@even@mp=\dimen164
\Gm@layoutwidth=\dimen165
\Gm@layoutheight=\dimen166
\Gm@layouthoffset=\dimen167
\Gm@layoutvoffset=\dimen168
\Gm@dimlist=\toks23

(C:\Users\anton.urbistondo\AppData\Local\Programs\MiKTeX\tex/latex/geometry\geo
metry.cfg))
(C:\Users\anton.urbistondo\AppData\Local\Programs\MiKTeX\tex/latex/l3backend\l3
backend-xetex.def
File: l3backend-xetex.def 2024-05-08 L3 backend support: XeTeX
\g__graphics_track_int=\count281
\l__pdf_internal_box=\box54
\g__pdf_backend_annotation_int=\count282
\g__pdf_backend_link_int=\count283
)
(c:\Proyectos\Noticias\env\Individuales-Personalizadas\2024-10-31\out\China_Así
_reaccionará_al_triunfo_de_Trump_José_Luis_Cava_limpio.aux)
\openout1 = `China_Así_reaccionará_al_triunfo_de_Trump_José_Luis_Cava_limpio.au
x'.

LaTeX Font Info:    Checking defaults for OML/cmm/m/it on input line 10.
LaTeX Font Info:    ... okay on input line 10.
LaTeX Font Info:    Checking defaults for OMS/cmsy/m/n on input line 10.
LaTeX Font Info:    ... okay on input line 10.
LaTeX Font Info:    Checking defaults for OT1/cmr/m/n on input line 10.
LaTeX Font Info:    ... okay on input line 10.
LaTeX Font Info:    Checking defaults for T1/cmr/m/n on input line 10.
LaTeX Font Info:    ... okay on input line 10.
LaTeX Font Info:    Checking defaults for TS1/cmr/m/n on input line 10.
LaTeX Font Info:    Trying to load font information for TS1+cmr on input line 1
0.

(C:\Users\anton.urbistondo\AppData\Local\Programs\MiKTeX\tex/latex/base\ts1cmr.
fd
File: ts1cmr.fd 2023/04/13 v2.5m Standard LaTeX font definitions
)
LaTeX Font Info:    ... okay on input line 10.
LaTeX Font Info:    Checking defaults for TU/lmr/m/n on input line 10.
LaTeX Font Info:    ... okay on input line 10.
LaTeX Font Info:    Checking defaults for OMX/cmex/m/n on input line 10.
LaTeX Font Info:    ... okay on input line 10.
LaTeX Font Info:    Checking defaults for U/cmr/m/n on input line 10.
LaTeX Font Info:    ... okay on input line 10.
Package caption Info: Begin \AtBeginDocument code.
Package caption Info: End \AtBeginDocument code.

*geometry* driver: auto-detecting
*geometry* detected driver: xetex
*geometry* verbose mode - [ preamble ] result:
* driver: xetex
* paper: <default>
* layout: <same size as paper>
* layoutoffset:(h,v)=(0.0pt,0.0pt)
* modes: 
* h-part:(L,W,R)=(72.26999pt, 469.75502pt, 72.26999pt)
* v-part:(T,H,B)=(72.26999pt, 650.43001pt, 72.26999pt)
* \paperwidth=614.295pt
* \paperheight=794.96999pt
* \textwidth=469.75502pt
* \textheight=650.43001pt
* \oddsidemargin=0.0pt
* \evensidemargin=0.0pt
* \topmargin=-37.0pt
* \headheight=12.0pt
* \headsep=25.0pt
* \topskip=10.0pt
* \footskip=30.0pt
* \marginparwidth=65.0pt
* \marginparsep=11.0pt
* \columnsep=10.0pt
* \skip\footins=9.0pt plus 4.0pt minus 2.0pt
* \hoffset=0.0pt
* \voffset=0.0pt
* \mag=1000
* \@twocolumnfalse
* \@twosidefalse
* \@mparswitchfalse
* \@reversemarginfalse
* (1in=72.27pt=25.4mm, 1cm=28.453pt)



[1

]

[2]
(c:\Proyectos\Noticias\env\Individuales-Personalizadas\2024-10-31\out\China_Así
_reaccionará_al_triunfo_de_Trump_José_Luis_Cava_limpio.aux)
 ***********
LaTeX2e <2024-06-01> patch level 2
L3 programming layer <2024-08-30>
 ***********
 ) 
Here is how much of TeX's memory you used:
 3561 strings out of 409029
 60765 string characters out of 5754508
 453862 words of memory out of 5000000
 26234 multiletter control sequences out of 15000+600000
 561559 words of font info for 58 fonts, out of 8000000 for 9000
 1348 hyphenation exceptions out of 8191
 57i,6n,65p,585b,199s stack positions out of 10000i,1000n,20000p,200000b,200000s

Output written on c:\Proyectos\Noticias\env\Individuales-Personalizadas\2024-10
-31\out\China_Así_reaccionará_al_triunfo_de_Trump_José_Luis_Cava_limpio.pdf (2 
pages).
